h:\mooc\examples\exercise1_mpi\x64\release\vc140.pdb
h:\mooc\examples\exercise1_mpi\x64\release\main.obj
h:\mooc\examples1\exercise1_mpi\x64\release\vc140.pdb
h:\mooc\examples1\exercise1_mpi\x64\release\main.obj
h:\mooc\examples\exercise1_mpi\x64\release\exercise1_mpi.exe
h:\mooc\examples\exercise1_mpi\x64\release\exercise1_mpi.ipdb
h:\mooc\examples\exercise1_mpi\x64\release\exercise1_mpi.iobj
h:\mooc\examples\exercise1_mpi\x64\release\exercise1_mpi.pdb
h:\mooc\examples1\exercise1_mpi\x64\release\exercise1_mpi.exe
h:\mooc\examples1\exercise1_mpi\x64\release\exercise1_mpi.ipdb
h:\mooc\examples1\exercise1_mpi\x64\release\exercise1_mpi.iobj
h:\mooc\examples1\exercise1_mpi\x64\release\exercise1_mpi.pdb
c:\users\user\desktop\exercise1_mpi\x64\release\main.obj
c:\users\user\desktop\exercise1_mpi\x64\release\exercise1_mpi.ipdb
c:\users\user\desktop\exercise1_mpi\x64\release\exercise1_mpi.iobj
c:\users\user\desktop\exercise1_mpi\x64\release\exercise1_mpi.pdb
c:\users\user\desktop\exercise1_mpi\x64\release\vc140.pdb
c:\users\user\desktop\exercise1_mpi\x64\release\exercise1_mpi.exe
c:\users\user\desktop\exercise1_mpi\x64\release\exercise1_mpi.tlog\cl.command.1.tlog
c:\users\user\desktop\exercise1_mpi\x64\release\exercise1_mpi.tlog\cl.read.1.tlog
c:\users\user\desktop\exercise1_mpi\x64\release\exercise1_mpi.tlog\cl.write.1.tlog
c:\users\user\desktop\exercise1_mpi\x64\release\exercise1_mpi.tlog\link.command.1.tlog
c:\users\user\desktop\exercise1_mpi\x64\release\exercise1_mpi.tlog\link.read.1.tlog
c:\users\user\desktop\exercise1_mpi\x64\release\exercise1_mpi.tlog\link.write.1.tlog
